<?xml version="1.0" encoding="UTF-8"?>
<testsuite xmlns:xsi="http://www.w3.org/2001/XMLSchema-instance" xsi:noNamespaceSchemaLocation="https://maven.apache.org/surefire/maven-surefire-plugin/xsd/surefire-test-report.xsd" name="com.moustafa.ecommerce.AppTest" time="0.248" tests="33" errors="0" skipped="0" failures="0">
  <properties>
[...]
</properties>
  <testcase name="productIdSynchFromDifferentSuppliers" classname="com.moustafa.ecommerce.AppTest" time="0.047"/>
  <testcase name="warehouseAcceptShipmentOfExistingProduct" classname="com.moustafa.ecommerce.AppTest" time="0"/>
  <testcase name="supplierNotFound" classname="com.moustafa.ecommerce.AppTest" time="0.004"/>
  <testcase name="multipleSupplierProductsIdSynchronize" classname="com.moustafa.ecommerce.AppTest" time="0"/>
  <testcase name="clientOrderHistoryCheck" classname="com.moustafa.ecommerce.AppTest" time="0"/>
  <testcase name="clientMakesOrderTest" classname="com.moustafa.ecommerce.AppTest" time="0.001"/>
  <testcase name="productCountsAsOne" classname="com.moustafa.ecommerce.AppTest" time="0"/>
  <testcase name="supplierListIsSorted" classname="com.moustafa.ecommerce.AppTest" time="0.001"/>
  <testcase name="clientFound" classname="com.moustafa.ecommerce.AppTest" time="0.001"/>
  <testcase name="supplierListCreated" classname="com.moustafa.ecommerce.AppTest" time="0.001"/>
  <testcase name="ProductIsRemoved" classname="com.moustafa.ecommerce.AppTest" time="0"/>
  <testcase name="clientListCreated" classname="com.moustafa.ecommerce.AppTest" time="0"/>
  <testcase name="clientMakesOrderWithMultipleProductsTest" classname="com.moustafa.ecommerce.AppTest" time="0"/>
  <testcase name="productIdDoesNotExistInDifferentSupplier" classname="com.moustafa.ecommerce.AppTest" time="0"/>
  <testcase name="clientIsCreated" classname="com.moustafa.ecommerce.AppTest" time="0"/>
  <testcase name="clientIsRemoved" classname="com.moustafa.ecommerce.AppTest" time="0.002"/>
  <testcase name="productIsCreated" classname="com.moustafa.ecommerce.AppTest" time="0.001"/>
  <testcase name="productFound" classname="com.moustafa.ecommerce.AppTest" time="0.001"/>
  <testcase name="SupplierIsRemoved" classname="com.moustafa.ecommerce.AppTest" time="0"/>
  <testcase name="supplierQuantityUpdatesAfterShipmentTest" classname="com.moustafa.ecommerce.AppTest" time="0"/>
  <testcase name="supplierCountsAsOne" classname="com.moustafa.ecommerce.AppTest" time="0.002"/>
  <testcase name="productListIsSorted" classname="com.moustafa.ecommerce.AppTest" time="0"/>
  <testcase name="supplierIsCreated" classname="com.moustafa.ecommerce.AppTest" time="0"/>
  <testcase name="clientCountsAsOne" classname="com.moustafa.ecommerce.AppTest" time="0"/>
  <testcase name="clientListIsSorted" classname="com.moustafa.ecommerce.AppTest" time="0"/>
  <testcase name="supplierShipmentHistoryTest" classname="com.moustafa.ecommerce.AppTest" time="0"/>
  <testcase name="clientNotFound" classname="com.moustafa.ecommerce.AppTest" time="0"/>
  <testcase name="productNotFound" classname="com.moustafa.ecommerce.AppTest" time="0.001"/>
  <testcase name="warehouseAcceptsShipmentOfNewProduct" classname="com.moustafa.ecommerce.AppTest" time="0"/>
  <testcase name="warehouseQuantityUpdatesAfterOrderTest" classname="com.moustafa.ecommerce.AppTest" time="0.001"/>
  <testcase name="warehouseRemoveProductAfterSupplierTest" classname="com.moustafa.ecommerce.AppTest" time="0.001"/>
  <testcase name="productListCreated" classname="com.moustafa.ecommerce.AppTest" time="0.001"/>
  <testcase name="supplierFound" classname="com.moustafa.ecommerce.AppTest" time="0.001"/>
</testsuite>